<?xml version="1.0" encoding="UTF-8"?>
<!-- Generated by org.testng.reporters.JUnitReportReporter -->
<testsuite hostname="DESKTOP-6FM3ETO" failures="0" tests="1" name="com.siam.web_automation.FirstAutomation" time="22.123" errors="0" timestamp="04 Oct 2023 06:19:00 GMT" skipped="0">
  <testcase classname="com.siam.web_automation.FirstAutomation" name="openUrl" time="22.123"/>
</testsuite> <!-- com.siam.web_automation.FirstAutomation -->
