<?xml version="1.0" encoding="UTF-8"?>
<!-- Generated by org.testng.reporters.JUnitReportReporter -->
<testsuite hostname="DESKTOP-6FM3ETO" failures="0" tests="2" name="com.siam.web_automation.TestNGExamples" time="0.013" errors="0" timestamp="06 Oct 2023 05:58:50 GMT" skipped="0">
  <testcase classname="com.siam.web_automation.TestNGExamples" name="testExample2" time="0.008"/>
  <testcase classname="com.siam.web_automation.TestNGExamples" name="testExample" time="0.005"/>
</testsuite> <!-- com.siam.web_automation.TestNGExamples -->
